生成启动时间为 2016/5/3 17:55:14。
     1>项目“E:\git\GraduationProject\SCAN\SCAN\SCAN.vcxproj”在节点 2 上(Build 个目标)。
     1>ClCompile:
         D:\Program Files (x86)\Microsoft Visual Studio 12.0\VC\bin\CL.exe /c /I"E:\CODE\毕设\SCAN\SCAN\Include" /ZI /nologo /W3 /WX- /sdl /Od /Oy- /D WIN32 /D _WINDOWS /D _DEBUG /D _XKEYCHECK_H /D _UNICODE /D UNICODE /D _AFXDLL /Gm /EHsc /RTC1 /MDd /Zp1 /GS /fp:precise /Zc:wchar_t /Zc:forScope /Yc"stdafx.h" /Fp"Debug\SCAN.pch" /Fo"Debug\\" /Fd"Debug\vc120.pdb" /Gd /TP /analyze- /errorReport:prompt stdafx.cpp
         stdafx.cpp
         D:\Program Files (x86)\Microsoft Visual Studio 12.0\VC\bin\CL.exe /c /I"E:\CODE\毕设\SCAN\SCAN\Include" /ZI /nologo /W3 /WX- /sdl /Od /Oy- /D WIN32 /D _WINDOWS /D _DEBUG /D _XKEYCHECK_H /D _UNICODE /D UNICODE /D _AFXDLL /Gm /EHsc /RTC1 /MDd /Zp1 /GS /fp:precise /Zc:wchar_t /Zc:forScope /Yu"stdafx.h" /Fp"Debug\SCAN.pch" /Fo"Debug\\" /Fd"Debug\vc120.pdb" /Gd /TP /analyze- /errorReport:prompt ARPDialog.cpp ARPScan.cpp ICMPDialog.cpp ICMPScan.cpp SCAN.cpp SCANDlg.cpp TCPSYNDialog.cpp TCPUDPDialog.cpp tool.cpp
         tool.cpp
         TCPUDPDialog.cpp
         TCPSYNDialog.cpp
         SCANDlg.cpp
         SCAN.cpp
         ICMPScan.cpp
     1>e:\git\graduationproject\scan\scan\icmpscan.cpp(134): warning C4018: “<=”: 有符号/无符号不匹配
         ICMPDialog.cpp
         ARPScan.cpp
         ARPDialog.cpp
     1>e:\git\graduationproject\scan\scan\arpdialog.cpp(61): warning C4018: “<”: 有符号/无符号不匹配
     1>e:\git\graduationproject\scan\scan\arpdialog.cpp(91): warning C4101: “t”: 未引用的局部变量
         正在生成代码...
     1>e:\git\graduationproject\scan\scan\arpscan.cpp(109): warning C4715: “RecvArp”: 不是所有的控件路径都返回值
       ResourceCompile:
         C:\Program Files (x86)\Windows Kits\8.1\bin\x86\rc.exe /D _DEBUG /D _UNICODE /D UNICODE /D _AFXDLL /l"0x0804" /IDebug\ /nologo /fo"Debug\SCAN.res" SCAN.rc 
       Link:
         D:\Program Files (x86)\Microsoft Visual Studio 12.0\VC\bin\link.exe /ERRORREPORT:PROMPT /OUT:"E:\git\GraduationProject\SCAN\Debug\SCAN.exe" /INCREMENTAL /NOLOGO /LIBPATH:"E:\CODE\毕设\SCAN\SCAN\Lib" Packet.lib wpcap.lib ws2_32.lib /MANIFEST /MANIFESTUAC:"level='asInvoker' uiAccess='false'" /manifest:embed /manifestinput:"D:\Program Files (x86)\Microsoft Visual Studio 12.0\VC\Include\Manifest\dpiaware.manifest" /DEBUG /PDB:"E:\git\GraduationProject\SCAN\Debug\SCAN.pdb" /SUBSYSTEM:WINDOWS /TLBID:1 /ENTRY:"wWinMainCRTStartup" /DYNAMICBASE /NXCOMPAT /IMPLIB:"E:\git\GraduationProject\SCAN\Debug\SCAN.lib" /MACHINE:X86 Debug\SCAN.res
         Debug\ARPDialog.obj
         Debug\ARPScan.obj
         Debug\ICMPDialog.obj
         Debug\ICMPScan.obj
         Debug\SCAN.obj
         Debug\SCANDlg.obj
         Debug\stdafx.obj
         Debug\TCPSYNDialog.obj
         Debug\TCPUDPDialog.obj
         Debug\tool.obj
         SCAN.vcxproj -> E:\git\GraduationProject\SCAN\Debug\SCAN.exe
     1>已完成生成项目“E:\git\GraduationProject\SCAN\SCAN\SCAN.vcxproj”(Build 个目标)的操作。

生成成功。

已用时间 00:00:09.77
